<?xml version="1.0" encoding="UTF-8"?>
<testng-results ignored="0" total="1" passed="1" failed="0" skipped="0">
  <reporter-output>
  </reporter-output>
  <suite started-at="2023-01-24T12:30:23 IST" name="Default suite" finished-at="2023-01-24T12:30:29 IST" duration-ms="6200">
    <groups>
    </groups>
    <test started-at="2023-01-24T12:30:23 IST" name="Default test" finished-at="2023-01-24T12:30:29 IST" duration-ms="6200">
      <class name="com.Test.LoginTest">
        <test-method is-config="true" signature="setUp()[pri:0, instance:com.Test.LoginTest@60015ef5]" started-at="2023-01-24T12:30:23 IST" name="setUp" finished-at="2023-01-24T12:30:25 IST" duration-ms="2283" status="PASS">
          <reporter-output>
          </reporter-output>
        </test-method> <!-- setUp -->
        <test-method signature="Login()[pri:0, instance:com.Test.LoginTest@60015ef5]" started-at="2023-01-24T12:30:25 IST" name="Login" finished-at="2023-01-24T12:30:29 IST" duration-ms="3868" status="PASS">
          <reporter-output>
          </reporter-output>
        </test-method> <!-- Login -->
      </class> <!-- com.Test.LoginTest -->
    </test> <!-- Default test -->
  </suite> <!-- Default suite -->
</testng-results>
